<?xml version="1.0" encoding="UTF-8"?>
<testng-results skipped="0" failed="1" ignored="0" total="3" passed="2">
  <reporter-output>
  </reporter-output>
  <suite name="Default suite" duration-ms="723" started-at="2022-08-24T00:00:27 ICT" finished-at="2022-08-24T00:00:28 ICT">
    <groups>
      <group name="cucumber">
        <method signature="AbstractTestNGCucumberTests.runScenario(io.cucumber.testng.PickleWrapper, io.cucumber.testng.FeatureWrapper)[pri:0, instance:com.runnerfiles.RunnerFile@1e6d1014]" name="runScenario" class="io.cucumber.testng.AbstractTestNGCucumberTests"/>
      </group> <!-- cucumber -->
    </groups>
    <test name="Default test" duration-ms="723" started-at="2022-08-24T00:00:27 ICT" finished-at="2022-08-24T00:00:28 ICT">
      <class name="com.runnerfiles.RunnerFile">
        <test-method status="PASS" signature="setUpClass()[pri:0, instance:com.runnerfiles.RunnerFile@1e6d1014]" name="setUpClass" is-config="true" duration-ms="420" started-at="2022-08-24T00:00:27 ICT" finished-at="2022-08-24T00:00:28 ICT">
          <reporter-output>
          </reporter-output>
        </test-method> <!-- setUpClass -->
        <test-method status="PASS" signature="runScenario(io.cucumber.testng.PickleWrapper, io.cucumber.testng.FeatureWrapper)[pri:0, instance:com.runnerfiles.RunnerFile@1e6d1014]" name="runScenario" duration-ms="188" started-at="2022-08-24T00:00:28 ICT" description="Runs Cucumber Scenarios" data-provider="scenarios" finished-at="2022-08-24T00:00:28 ICT">
          <params>
            <param index="0">
              <value>
                <![CDATA["Check text is palindrome"]]>
              </value>
            </param>
            <param index="1">
              <value>
                <![CDATA["Palindrome Test"]]>
              </value>
            </param>
          </params>
          <reporter-output>
          </reporter-output>
        </test-method> <!-- runScenario -->
        <test-method status="FAIL" signature="runScenario(io.cucumber.testng.PickleWrapper, io.cucumber.testng.FeatureWrapper)[pri:0, instance:com.runnerfiles.RunnerFile@1e6d1014]" name="runScenario" duration-ms="21" started-at="2022-08-24T00:00:28 ICT" description="Runs Cucumber Scenarios" data-provider="scenarios" finished-at="2022-08-24T00:00:28 ICT">
          <params>
            <param index="0">
              <value>
                <![CDATA["Check text is palindrome"]]>
              </value>
            </param>
            <param index="1">
              <value>
                <![CDATA["Palindrome Test"]]>
              </value>
            </param>
          </params>
          <exception class="java.lang.AssertionError">
            <message>
              <![CDATA[expected [idnar] but found [randi]]]>
            </message>
            <full-stacktrace>
              <![CDATA[java.lang.AssertionError: expected [idnar] but found [randi]
at org.testng.Assert.fail(Assert.java:97)
at org.testng.Assert.assertEqualsImpl(Assert.java:136)
at org.testng.Assert.assertEquals(Assert.java:118)
at org.testng.Assert.assertEquals(Assert.java:575)
at org.testng.Assert.assertEquals(Assert.java:585)
at com.stepdef.PalindromeTest.the_result_is(PalindromeTest.java:38)
at âœ½.the result is "false"(file:///C:/Users/Ben/eclipse-workspace/Palindrome/src/test/resources/Features/Palindrome.feature:7)
]]>
            </full-stacktrace>
          </exception> <!-- java.lang.AssertionError -->
          <reporter-output>
          </reporter-output>
        </test-method> <!-- runScenario -->
        <test-method status="PASS" signature="runScenario(io.cucumber.testng.PickleWrapper, io.cucumber.testng.FeatureWrapper)[pri:0, instance:com.runnerfiles.RunnerFile@1e6d1014]" name="runScenario" duration-ms="15" started-at="2022-08-24T00:00:28 ICT" description="Runs Cucumber Scenarios" data-provider="scenarios" finished-at="2022-08-24T00:00:28 ICT">
          <params>
            <param index="0">
              <value>
                <![CDATA["Check text is palindrome"]]>
              </value>
            </param>
            <param index="1">
              <value>
                <![CDATA["Palindrome Test"]]>
              </value>
            </param>
          </params>
          <reporter-output>
          </reporter-output>
        </test-method> <!-- runScenario -->
        <test-method status="PASS" signature="tearDownClass()[pri:0, instance:com.runnerfiles.RunnerFile@1e6d1014]" name="tearDownClass" is-config="true" duration-ms="4" started-at="2022-08-24T00:00:28 ICT" finished-at="2022-08-24T00:00:28 ICT">
          <reporter-output>
          </reporter-output>
        </test-method> <!-- tearDownClass -->
      </class> <!-- com.runnerfiles.RunnerFile -->
    </test> <!-- Default test -->
  </suite> <!-- Default suite -->
</testng-results>
